[2022-12-21 10:48:46] --> 1128 :: Appartement Neuf avec ascenseur et sans vis-à-vis . ' / ' . 1 succefully updated!
[2022-12-21 10:48:46] --> 1128 :: Appartement en vente à Hay Riad . ' / ' . 2 succefully updated!
[2022-12-21 10:48:46] --> 1128 :: Bel appartement en vente à plage des nations . ' / ' . 3 succefully updated!
[2022-12-21 10:48:46] --> 1128 :: Des bureaux en location à l'agdal . ' / ' . 4 succefully updated!
[2022-12-21 10:48:46] --> 1128 :: Très belle villa plain pied en location à les ambassadeurs . ' / ' . 5 succefully updated!
[2022-12-21 10:48:46] --> 1128 :: Appartement  à loué  . ' / ' . 6 succefully updated!
[2022-12-21 10:48:46] --> 1128 :: Appartement à loué meublé  . ' / ' . 7 succefully updated!
[2022-12-21 10:48:46] --> 1128 :: location une jolie maison neuve . ' / ' . 8 succefully updated!
[2022-12-21 10:48:46] --> 1128 :: Très belle villa plain pied en vente à les ambassadeurs . ' / ' . 9 succefully updated!
[2022-12-21 10:48:46] --> 1128 :: Très Beau Appartement neuf à haut Agdal . ' / ' . 10 succefully updated!
[2022-12-21 10:48:46] --> 1128 :: Très Beau Appartement neuf à haut Agdal . ' / ' . 11 succefully updated!
[2022-12-21 10:48:46] --> 1128 :: Bel appartement en vente . ' / ' . 12 succefully updated!
[2022-12-21 10:48:46] --> 1128 :: Villa en vente à Harhoura . ' / ' . 13 succefully updated!
[2022-12-21 10:48:46] --> 1128 :: Très belle villa avec piscine a Hay Riad . ' / ' . 14 succefully updated!
[2022-12-21 10:48:46] --> 1128 :: Jolie villa meublée à Hay Riad  . ' / ' . 15 succefully updated!
[2022-12-21 10:48:46] --> 1128 :: Très bel appartement dans le haut d'agdal . ' / ' . 16 succefully updated!
[2022-12-21 10:48:46] --> 1128 :: Bel Appartement meublé à l'agdal  . ' / ' . 17 succefully updated!
[2022-12-21 10:48:46] --> 1128 :: Plateau de Bureau à Souissi . ' / ' . 18 succefully updated!
[2022-12-21 10:48:46] --> 1128 :: villa bien située à Harhoura . ' / ' . 19 succefully updated!
[2022-12-21 10:48:46] --> 1128 :: Jolie villa bien situe à Harhoura . ' / ' . 20 succefully updated!
[2022-12-21 10:48:46] --> 1128 :: Bel appartement rénové  . ' / ' . 21 succefully updated!
[2022-12-21 10:48:46] --> 1128 :: Bureau Neuf en vente à Diour Jamaa . ' / ' . 22 succefully updated!
[2022-12-21 10:48:46] --> 1128 :: vent un appartement à route kénitra . ' / ' . 23 succefully updated!
[2022-12-21 10:48:46] --> 1128 :: vente Fond de commerce . ' / ' . 24 succefully updated!
[2022-12-21 10:48:46] --> 1128 :: Location villa meublée à Skhirat . ' / ' . 25 succefully updated!
[2022-12-21 10:48:46] --> 1128 ::  Appartement rénové . ' / ' . 26 succefully updated!
[2022-12-21 10:48:46] --> 1128 :: Bureau à l'agdal . ' / ' . 27 succefully updated!
[2022-12-21 10:48:46] --> 1128 :: Bel appartement . ' / ' . 28 succefully updated!
[2022-12-21 10:48:47] --> 1128 :: Bel appartement neuf en location à Bassatin el Menzeh . ' / ' . 29 succefully updated!
[2022-12-21 10:48:47] --> 1128 :: Bel appartement en location à la Marina . ' / ' . 30 succefully updated!
[2022-12-21 10:48:47] --> 1128 :: Local Commercial . ' / ' . 31 succefully updated!
[2022-12-21 10:48:47] --> 1128 :: Appartement en vente . ' / ' . 32 succefully added!
[2022-12-21 10:48:59] --> 1128 :: Invalid properties
[2022-12-21 10:48:59] --> 1128 :: vente villa à OLM . ' / ' . 34 succefully updated!
[2022-12-21 10:48:59] --> 1128 :: Bel appartement en location à l'agdal . ' / ' . 35 succefully updated!
[2022-12-21 10:48:59] --> 1128 :: Grand Plateau Bureau à louer  . ' / ' . 36 succefully updated!
[2022-12-21 10:48:59] --> 1128 :: villa meublé à Hay Riad  . ' / ' . 37 succefully updated!
[2022-12-21 10:48:59] --> 1128 :: Appartement en vente à Diour Jamae . ' / ' . 38 succefully updated!
[2022-12-21 10:48:59] --> 1128 :: Bel Appartement bien ensoleille à L'Agdal . ' / ' . 39 succefully updated!
[2022-12-21 10:48:59] --> 1128 :: Bel Appartement bien ensoleille à L'Agdal . ' / ' . 40 succefully updated!
[2022-12-21 10:48:59] --> 1128 :: Bel appartement meublé à l'agdal  . ' / ' . 41 succefully updated!
[2022-12-21 10:48:59] --> 1128 ::  Appartement en vente à l'agdal . ' / ' . 42 succefully updated!
[2022-12-21 10:48:59] --> 1128 :: vente villa à Hay Riad  . ' / ' . 43 succefully updated!
[2022-12-21 10:48:59] --> 1128 :: Appartement avec terrasse à Hay Riad . ' / ' . 44 succefully updated!
[2022-12-21 10:48:59] --> 1128 :: Appartement en vente à Hay Riad . ' / ' . 45 succefully updated!
[2022-12-21 10:48:59] --> 1128 :: très jolie villa à Harhoura . ' / ' . 46 succefully added!
[2022-12-21 10:49:07] --> 1128 :: getimagesize(http://www.darimmo.ma/images/img-biens/2022/09/2673-1370-5.png 55.png): Failed to open stream: HTTP request failed! HTTP/1.1 400 Bad request

[2022-12-21 10:51:03] --> 1128 :: Appartement Neuf avec ascenseur et sans vis-à-vis . ' / ' . 1 succefully updated!
[2022-12-21 10:51:03] --> 1128 :: Appartement en vente à Hay Riad . ' / ' . 2 succefully updated!
[2022-12-21 10:51:03] --> 1128 :: Bel appartement en vente à plage des nations . ' / ' . 3 succefully updated!
[2022-12-21 10:51:03] --> 1128 :: Des bureaux en location à l'agdal . ' / ' . 4 succefully updated!
[2022-12-21 10:51:03] --> 1128 :: Très belle villa plain pied en location à les ambassadeurs . ' / ' . 5 succefully updated!
[2022-12-21 10:51:03] --> 1128 :: Appartement  à loué  . ' / ' . 6 succefully updated!
[2022-12-21 10:51:03] --> 1128 :: Appartement à loué meublé  . ' / ' . 7 succefully updated!
[2022-12-21 10:51:03] --> 1128 :: location une jolie maison neuve . ' / ' . 8 succefully updated!
[2022-12-21 10:51:03] --> 1128 :: Très belle villa plain pied en vente à les ambassadeurs . ' / ' . 9 succefully updated!
[2022-12-21 10:51:03] --> 1128 :: Très Beau Appartement neuf à haut Agdal . ' / ' . 10 succefully updated!
[2022-12-21 10:51:03] --> 1128 :: Très Beau Appartement neuf à haut Agdal . ' / ' . 11 succefully updated!
[2022-12-21 10:51:03] --> 1128 :: Bel appartement en vente . ' / ' . 12 succefully updated!
[2022-12-21 10:51:03] --> 1128 :: Villa en vente à Harhoura . ' / ' . 13 succefully updated!
[2022-12-21 10:51:03] --> 1128 :: Très belle villa avec piscine a Hay Riad . ' / ' . 14 succefully updated!
[2022-12-21 10:51:03] --> 1128 :: Jolie villa meublée à Hay Riad  . ' / ' . 15 succefully updated!
[2022-12-21 10:51:03] --> 1128 :: Très bel appartement dans le haut d'agdal . ' / ' . 16 succefully updated!
[2022-12-21 10:51:03] --> 1128 :: Bel Appartement meublé à l'agdal  . ' / ' . 17 succefully updated!
[2022-12-21 10:51:03] --> 1128 :: Plateau de Bureau à Souissi . ' / ' . 18 succefully updated!
[2022-12-21 10:51:03] --> 1128 :: villa bien située à Harhoura . ' / ' . 19 succefully updated!
[2022-12-21 10:51:03] --> 1128 :: Jolie villa bien situe à Harhoura . ' / ' . 20 succefully updated!
[2022-12-21 10:51:03] --> 1128 :: Bel appartement rénové  . ' / ' . 21 succefully updated!
[2022-12-21 10:51:03] --> 1128 :: Bureau Neuf en vente à Diour Jamaa . ' / ' . 22 succefully updated!
[2022-12-21 10:51:03] --> 1128 :: vent un appartement à route kénitra . ' / ' . 23 succefully updated!
[2022-12-21 10:51:03] --> 1128 :: vente Fond de commerce . ' / ' . 24 succefully updated!
[2022-12-21 10:51:03] --> 1128 :: Location villa meublée à Skhirat . ' / ' . 25 succefully updated!
[2022-12-21 10:51:03] --> 1128 ::  Appartement rénové . ' / ' . 26 succefully updated!
[2022-12-21 10:51:04] --> 1128 :: Bureau à l'agdal . ' / ' . 27 succefully updated!
[2022-12-21 10:51:04] --> 1128 :: Bel appartement . ' / ' . 28 succefully updated!
[2022-12-21 10:51:04] --> 1128 :: Bel appartement neuf en location à Bassatin el Menzeh . ' / ' . 29 succefully updated!
[2022-12-21 10:51:04] --> 1128 :: Bel appartement en location à la Marina . ' / ' . 30 succefully updated!
[2022-12-21 10:51:04] --> 1128 :: Local Commercial . ' / ' . 31 succefully updated!
[2022-12-21 10:51:04] --> 1128 :: Appartement en vente . ' / ' . 32 succefully updated!
[2022-12-21 10:51:04] --> 1128 :: Invalid properties
[2022-12-21 10:51:04] --> 1128 :: vente villa à OLM . ' / ' . 34 succefully updated!
[2022-12-21 10:51:04] --> 1128 :: Bel appartement en location à l'agdal . ' / ' . 35 succefully updated!
[2022-12-21 10:51:04] --> 1128 :: Grand Plateau Bureau à louer  . ' / ' . 36 succefully updated!
[2022-12-21 10:51:04] --> 1128 :: villa meublé à Hay Riad  . ' / ' . 37 succefully updated!
[2022-12-21 10:51:04] --> 1128 :: Appartement en vente à Diour Jamae . ' / ' . 38 succefully updated!
[2022-12-21 10:51:04] --> 1128 :: Bel Appartement bien ensoleille à L'Agdal . ' / ' . 39 succefully updated!
[2022-12-21 10:51:04] --> 1128 :: Bel Appartement bien ensoleille à L'Agdal . ' / ' . 40 succefully updated!
[2022-12-21 10:51:04] --> 1128 :: Bel appartement meublé à l'agdal  . ' / ' . 41 succefully updated!
[2022-12-21 10:51:04] --> 1128 ::  Appartement en vente à l'agdal . ' / ' . 42 succefully updated!
[2022-12-21 10:51:04] --> 1128 :: vente villa à Hay Riad  . ' / ' . 43 succefully updated!
[2022-12-21 10:51:04] --> 1128 :: Appartement avec terrasse à Hay Riad . ' / ' . 44 succefully updated!
[2022-12-21 10:51:04] --> 1128 :: Appartement en vente à Hay Riad . ' / ' . 45 succefully updated!
[2022-12-21 10:51:04] --> 1128 :: très jolie villa à Harhoura . ' / ' . 46 succefully updated!
[2022-12-21 10:51:04] --> 1128 :: Très jolie Villa front de mer  . ' / ' . 47 succefully added!
[2022-12-21 10:51:16] --> 1128 :: Vente villa en Exlusivité . ' / ' . 48 succefully added!
[2022-12-21 10:51:33] --> 1128 :: jolie Villa meublée avec jardin . ' / ' . 49 succefully added!
[2022-12-21 10:51:50] --> 1128 :: Appartement avec terrasse à Hay Riad . ' / ' . 50 succefully added!
[2022-12-21 10:52:05] --> 1128 :: bel appartement sans vis-à-vis . ' / ' . 51 succefully added!
[2022-12-21 10:52:20] --> 1128 :: location villa meublé à Harhoura . ' / ' . 52 succefully added!
[2022-12-21 10:52:35] --> 1128 :: Appartement en location à l'agdal . ' / ' . 53 succefully added!
[2022-12-21 10:52:54] --> 1128 :: Jolie villa bien située à Bir Kacem . ' / ' . 54 succefully added!
[2022-12-21 10:53:11] --> 1128 :: Appartement à usage de bureau . ' / ' . 55 succefully added!
[2022-12-21 10:53:24] --> 1128 :: Appartement haut standing en vente à la Marina . ' / ' . 56 succefully added!
[2022-12-21 10:53:34] --> 1128 :: Appartement haut standing en vente à la Marina . ' / ' . 57 succefully added!
[2022-12-21 10:53:49] --> 1128 :: Invalid properties
[2022-12-21 10:53:49] --> 1128 :: Bel appartement avec terrasse . ' / ' . 59 succefully added!
[2022-12-21 10:54:06] --> 1128 :: Appartement en location à Hay Riad . ' / ' . 60 succefully added!
[2022-12-21 10:54:20] --> 1128 :: Appartement sans vis-à-vis à Hay Riad . ' / ' . 61 succefully added!
[2022-12-21 10:54:37] --> 1128 :: appartement en location à Hay Riad . ' / ' . 62 succefully added!
[2022-12-21 10:54:50] --> 1128 :: Très bel appartement bien situé dans le haut d'Agdal  . ' / ' . 63 succefully added!
[2022-12-21 10:55:00] --> 1128 :: Appartement rénové à l'Agdal  . ' / ' . 64 succefully added!
[2022-12-21 10:55:18] --> 1128 :: Bel appartement pour vente à l'Océan. . ' / ' . 65 succefully added!
[2022-12-21 10:55:32] --> 1128 :: Bel appartement meublé et très bien ensoleillé . ' / ' . 66 succefully added!
[2022-12-21 10:55:49] --> 1128 :: joli appartement meublé à wifak  . ' / ' . 67 succefully added!
[2022-12-21 10:55:59] --> 1128 :: Appartement meublé avec terrasse . ' / ' . 68 succefully added!
[2022-12-21 10:56:08] --> 1128 :: Bel appartement pour location à Souissi. . ' / ' . 69 succefully added!
[2022-12-21 10:56:19] --> 1128 :: jolie villa meublée dans le haut Agdal  . ' / ' . 70 succefully added!
[2022-12-21 10:56:36] --> 1128 :: Villa à vendre à l'aviation . ' / ' . 71 succefully added!
[2022-12-21 10:56:45] --> 1128 :: Vente villa à l'aviation villa à retaper . ' / ' . 72 succefully added!
[2022-12-21 10:56:45] --> 1128 :: Bel appartement avec balcon . ' / ' . 73 succefully added!
[2022-12-21 10:56:58] --> 1128 :: Jolie villa à Louer . ' / ' . 74 succefully added!
[2022-12-21 10:57:14] --> 1128 :: Bel appartement avec un grand balcon . ' / ' . 75 succefully added!
[2022-12-21 10:57:32] --> 1128 :: Bel appartement à Louer . ' / ' . 76 succefully added!
[2022-12-21 10:57:48] --> 1128 :: Magnifique appartement avec terrasse   . ' / ' . 77 succefully added!
[2022-12-21 10:58:03] --> 1128 :: villa bien ensoleillée . ' / ' . 78 succefully added!
[2022-12-21 10:58:15] --> 1128 :: Bel appartement à Louer . ' / ' . 79 succefully added!
[2022-12-21 10:58:30] --> 1128 :: Bel appartement meublé en location à la Marina . ' / ' . 80 succefully added!
[2022-12-21 10:58:42] --> 1128 :: Bel appartement à louer . ' / ' . 81 succefully added!
[2022-12-21 10:58:53] --> 1128 :: Bel appartement meublé bien situé à Guiche des Oudayas . ' / ' . 82 succefully added!
[2022-12-21 10:59:10] --> 1128 :: Appartement Usage Professionnel . ' / ' . 83 succefully added!
[2022-12-21 10:59:29] --> 1128 :: Jolie villa usage bureau  . ' / ' . 84 succefully added!
[2022-12-21 10:59:44] --> 1128 :: Local commercial sur Avenue Annakhil à Hay Riad . ' / ' . 85 succefully added!
[2022-12-21 10:59:44] --> 1128 :: Bel appartement Meublé . ' / ' . 86 succefully added!
[2022-12-21 10:59:58] --> 1128 :: Bel appartement à louer . ' / ' . 87 succefully added!
[2022-12-21 11:00:05] --> 1128 :: Bel appartement Meublé à louer . ' / ' . 88 succefully added!
[2022-12-21 11:00:23] --> 1128 :: Bel appartement avec balcon . ' / ' . 89 succefully added!
[2022-12-21 11:00:39] --> 1128 :: Appartement en vente à l'agdal . ' / ' . 90 succefully added!
[2022-12-21 11:00:44] --> 1128 :: Très belle Villa avec piscine  . ' / ' . 91 succefully added!
[2022-12-21 11:01:03] --> 1128 :: location villa meublée à Harhoura . ' / ' . 92 succefully added!
[2022-12-21 11:01:16] --> 1128 :: Appartement bien situé à l'océan . ' / ' . 93 succefully added!
[2022-12-21 11:01:26] --> 1128 :: Appartement avec Terrasse à vendre . ' / ' . 94 succefully added!
[2022-12-21 11:01:43] --> 1128 :: jolie villa en vente à Harhoura . ' / ' . 95 succefully added!
[2022-12-21 11:01:55] --> 1128 :: Bel Appartement en vente à wifaq . ' / ' . 96 succefully added!
[2022-12-21 11:02:05] --> 1128 :: location local commercial à wifaq . ' / ' . 97 succefully added!
[2022-12-21 11:02:05] --> 1128 :: location local commercial à wifaq . ' / ' . 98 succefully added!
[2022-12-21 11:02:09] --> 1128 :: bel appartement en vente à l'aviation . ' / ' . 99 succefully added!
[2022-12-21 11:02:21] --> 1128 :: jolie villa meublée en location à Harhoura . ' / ' . 100 succefully added!
[2022-12-21 11:02:38] --> 1128 :: Bel appartement  . ' / ' . 101 succefully added!
[2022-12-21 11:02:50] --> 1128 :: jolie Villa meublée avec jardin . ' / ' . 102 Invalid Category!
[2022-12-21 11:02:50] --> 1128 :: location villa usage bureau à Souissi . ' / ' . 103 succefully added!
[2022-12-21 11:03:00] --> 1128 :: Jolie villa à usage de bureau bien située à Hassan . ' / ' . 104 succefully added!
[2022-12-21 11:03:13] --> 1128 :: Très jolie villa avec piscine . ' / ' . 105 succefully added!
[2022-12-21 11:03:27] --> 1128 :: Appartement meublé à océan . ' / ' . 106 succefully added!
[2022-12-21 11:03:40] --> 1128 :: villa meublée située à Hay Riad . ' / ' . 107 succefully added!
[2022-12-21 11:03:40] --> 1128 :: Bel appartement bien ensoleillé . ' / ' . 108 succefully added!
[2022-12-21 11:03:57] --> 1128 :: Très jolie villa avec piscine . ' / ' . 109 succefully added!
[2022-12-21 11:04:12] --> 1128 :: Très bel appartement  à Agdal . ' / ' . 110 succefully added!
[2022-12-21 11:04:24] --> 1128 :: étage de villa en location avec jardin à les orangers . ' / ' . 111 succefully added!
[2022-12-21 11:04:40] --> 1128 :: Bel appartement meublé sans vis-à-vis . ' / ' . 112 succefully added!
[2022-12-21 11:04:56] --> 1128 :: appartement en vente dans le haut Agdal . ' / ' . 113 succefully added!
[2022-12-21 11:05:04] --> 1128 :: Villa en style Riad . ' / ' . 114 succefully added!
[2022-12-21 11:05:22] --> 1128 :: Bel Appartement bien ensoleillé à Hay Riad  . ' / ' . 115 succefully added!
[2022-12-21 11:05:31] --> 1128 :: villa front de mer  . ' / ' . 116 succefully added!
[2022-12-21 11:05:31] --> 1128 :: Bel appartement en location à Harhoura . ' / ' . 117 succefully added!
[2022-12-21 11:05:41] --> 1128 ::  Rez de Jardin bien situe à Harhoura . ' / ' . 118 succefully added!
[2022-12-21 11:05:52] --> 1128 :: Bel appartement en location à la Marina . ' / ' . 119 succefully added!
[2022-12-21 11:06:07] --> 1128 :: Local commercial en location à l'Agdal . ' / ' . 120 succefully added!
[2022-12-21 11:06:11] --> 1128 :: Local commercial en location à l'Agdal . ' / ' . 121 succefully added!
[2022-12-21 11:06:14] --> 1128 :: Très bel appartement à l'agdal  . ' / ' . 122 succefully added!
[2022-12-21 11:06:31] --> 1128 :: Appartement en vente à l'Agdal . ' / ' . 123 succefully added!
[2022-12-21 11:06:42] --> 1128 :: Très beau duplex  . ' / ' . 124 succefully added!
[2022-12-21 11:07:00] --> 1128 :: Bel appartement avec deux façades   . ' / ' . 125 succefully added!
[2022-12-21 11:07:09] --> 1128 :: Bel appartement avec balcon . ' / ' . 126 succefully added!
[2022-12-21 11:07:25] --> 1128 :: Villa meublée avec piscine à Souissi . ' / ' . 127 succefully added!
[2022-12-21 11:07:43] --> 1128 :: Magnifique Villa Moderne bien situé a Temesna  . ' / ' . 128 succefully added!
[2022-12-21 11:08:00] --> 1128 :: Jolie villa . ' / ' . 129 succefully added!
[2022-12-21 11:08:18] --> 1128 :: Très Belle Villa  avec piscine . ' / ' . 130 succefully added!
[2022-12-21 11:08:37] --> 1128 :: Bel appartement usage de bureau  . ' / ' . 131 succefully added!
[2022-12-21 11:08:51] --> 1128 :: bel appartement à Hay Riad . ' / ' . 132 succefully added!
[2022-12-21 11:09:06] --> 1128 :: Bel appartement avec balcon . ' / ' . 133 succefully added!
[2022-12-21 11:09:21] --> 1128 :: Villa en exclusivité . ' / ' . 134 succefully added!
[2022-12-21 11:09:33] --> 1128 :: Bel appartement a vendre  . ' / ' . 135 succefully added!
[2022-12-21 11:09:49] --> 1128 :: Bel appartement de Haut standing Au cœur de Hay Riad . ' / ' . 136 succefully added!
[2022-12-21 11:10:06] --> 1128 :: Étage de villa ensoleillé . ' / ' . 137 succefully added!
[2022-12-21 11:10:23] --> 1128 :: Coquette villa avec piscine . ' / ' . 138 succefully added!
[2022-12-21 11:10:41] --> 1128 :: Étage de villa ensoleillé et bien situé à l'aviation . ' / ' . 139 succefully added!
[2022-12-21 11:10:59] --> 1128 :: Bel appartement avec terrasse . ' / ' . 140 Invalid Category!
[2022-12-21 11:10:59] --> 1128 :: Bel appartement ensoleillé avec terrasse . ' / ' . 141 succefully added!
[2022-12-21 11:11:19] --> 1128 ::  Un local commerciale à l'Agdal . ' / ' . 142 succefully added!
[2022-12-21 11:11:27] --> 1128 :: Très joli Appartement bien ensoleillé . ' / ' . 143 succefully added!
[2022-12-21 11:11:39] --> 1128 ::  Magnifique villa avec piscine . ' / ' . 144 succefully added!
[2022-12-21 11:11:56] --> 1128 :: Bel Appartement entièrement rénové . ' / ' . 145 succefully added!
[2022-12-21 11:12:05] --> 1128 :: Bel appartement refait à neuf bien situé à l'agdal . ' / ' . 146 succefully added!
[2022-12-21 11:12:22] --> 1128 :: Bel appartement sur Avenue Hassan II . ' / ' . 147 succefully added!
[2022-12-21 11:12:32] --> 1128 :: Bel appartement bien située à Diour Jamaa . ' / ' . 148 succefully added!
[2022-12-21 11:12:44] --> 1128 :: Bel appartement neuf  sans vis à vis . ' / ' . 149 succefully added!
[2022-12-21 11:13:01] --> 1128 :: Bel appartement avec balcon  . ' / ' . 150 succefully added!
[2022-12-21 11:13:13] --> 1128 :: Invalid properties
[2022-12-21 11:13:13] --> 1128 :: appartement avec piscine commune . ' / ' . 152 succefully added!
[2022-12-21 11:13:26] --> 1128 :: jolie villa avec jardin  . ' / ' . 153 succefully added!
[2022-12-21 11:13:44] --> 1128 :: Villa avec jardin . ' / ' . 154 succefully added!
[2022-12-21 11:14:03] --> 1128 ::  Bel appartement avec Terrasse . ' / ' . 155 succefully added!
[2022-12-21 11:14:12] --> 1128 :: Invalid properties
[2022-12-21 11:14:12] --> 1128 :: Villa plain pied avec piscine . ' / ' . 157 succefully added!
[2022-12-21 11:14:31] --> 1128 :: Villa plain pied avec piscine . ' / ' . 158 succefully added!
[2022-12-21 11:14:49] --> 1128 :: Bel appartement à Mahaj Riad  . ' / ' . 159 succefully added!
[2022-12-21 11:15:06] --> 1128 :: local commercial sur un grande avenue a l'agdal . ' / ' . 160 succefully added!
[2022-12-21 11:15:06] --> 1128 :: Bel appartement meublé avec terrasse  . ' / ' . 161 succefully added!
[2022-12-21 11:15:18] --> 1128 ::  local commercial bien situé a L'océan . ' / ' . 162 succefully added!
[2022-12-21 11:15:28] --> 1128 :: Local commercial usage professionnel  . ' / ' . 163 succefully added!
[2022-12-21 11:15:38] --> 1128 :: Jolie villa avec jardin et piscine . ' / ' . 164 succefully added!
[2022-12-21 11:15:53] --> 1128 :: Bel appartement meublé bien ensoleillé sans vis-à-vis  . ' / ' . 165 succefully added!
[2022-12-21 11:16:12] --> 1128 :: Bel appartement très ensoleillé  . ' / ' . 166 succefully added!
[2022-12-21 11:16:27] --> 1128 :: Bel appartement avec vue sur mer . ' / ' . 167 succefully added!
[2022-12-21 11:16:39] --> 1128 :: Villa très bien située dans le haut Agdal . ' / ' . 168 succefully added!
[2022-12-21 11:16:46] --> 1128 :: Bel appartement bien stué à la Marina . ' / ' . 169 succefully added!
[2022-12-21 11:17:00] --> 1128 :: Triplex avec vue sur mer . ' / ' . 170 succefully added!
[2022-12-21 11:17:10] --> 1128 :: Café/Restaurant en exclusivité fond et mur . ' / ' . 171 succefully added!
[2022-12-21 11:17:25] --> 1128 :: Bel appartement avec terrasse . ' / ' . 172 succefully added!
[2022-12-21 11:17:41] --> 1128 :: Très bel appartement bien situé dans le haut Agdal . ' / ' . 173 succefully added!
[2022-12-21 11:17:41] --> 1128 ::  Jolie Villa bien située à Plage Des Nations . ' / ' . 174 succefully added!
[2022-12-21 11:17:53] --> 1128 :: Bel appartement bien ensoleillé dans haut d'Agdal . ' / ' . 175 succefully added!
[2022-12-21 11:18:09] --> 1128 ::  Bel appartement meublé à Prestigia . ' / ' . 176 succefully added!
[2022-12-21 11:18:26] --> 1128 :: Appartement Neuf à souissi . ' / ' . 177 succefully added!
[2022-12-21 11:18:34] --> 1128 :: Joli Duplex  a l'Agdal . ' / ' . 178 succefully added!
[2022-12-21 11:18:52] --> 1128 ::  Bel appartement avec balcon . ' / ' . 179 succefully added!
[2022-12-21 11:19:07] --> 1128 :: local commercial bien situé dans le haut Agdal . ' / ' . 180 succefully added!
[2022-12-21 11:19:07] --> 1128 :: Fond et mur d'un commerce dans le  Haut Agdal . ' / ' . 181 succefully added!
[2022-12-21 11:19:07] --> 1128 :: Jolie villa avec jardin  . ' / ' . 182 succefully added!
[2022-12-21 11:19:07] --> 1128 :: Bel appartement avec grande Terrasse . ' / ' . 183 succefully added!
[2022-12-21 11:19:26] --> 1128 :: Bel appartement avec terrasse  . ' / ' . 184 succefully added!
[2022-12-21 11:19:45] --> 1128 :: Bureau  à l'Agdal . ' / ' . 185 succefully added!
[2022-12-21 11:19:50] --> 1128 :: jolie villa bien située à Hay Salam . ' / ' . 186 succefully added!
[2022-12-21 11:20:04] --> 1128 :: Bel appartement avec balcon  . ' / ' . 187 succefully added!
[2022-12-21 11:20:15] --> 1128 :: Superbe appartement meublé à Mahaj Riad . ' / ' . 188 succefully added!
[2022-12-21 11:20:30] --> 1128 :: Jolie villa avec piscine  . ' / ' . 189 succefully added!
[2022-12-21 11:20:47] --> 1128 :: Bel appartement au centre ville . ' / ' . 190 succefully added!
[2022-12-21 11:20:55] --> 1128 :: Bel appartement au RDC . ' / ' . 191 succefully added!
[2022-12-21 11:21:08] --> 1128 :: Bel appartement meublé bien situé en haut d'agdal . ' / ' . 192 succefully added!
[2022-12-21 11:21:24] --> 1128 :: Bureau bien situé dans le haut Agdal . ' / ' . 193 succefully added!
[2022-12-21 11:21:39] --> 1128 :: Bel appartement haut standing  . ' / ' . 194 succefully added!
[2022-12-21 11:21:57] --> 1128 ::  Bel appartement au RDC avec une jolie terrasse . ' / ' . 195 succefully added!
[2022-12-21 11:22:14] --> 1128 :: Magnifique villa dans un beau quartier résidentiel . ' / ' . 196 succefully added!
[2022-12-21 11:22:31] --> 1128 :: Bel appartement  au RDC . ' / ' . 197 succefully added!
[2022-12-21 11:22:48] --> 1128 :: très bel appartement de haut standingà hassan . ' / ' . 198 succefully added!
[2022-12-21 11:22:54] --> 1128 :: Bel appartement avec balcon . ' / ' . 199 succefully added!
[2022-12-21 11:23:40] --> 1128 :: getimagesize(http://www.darimmo.ma/images/img-biens/2021/11/2420-1229-6.jpg): Failed to open stream: HTTP request failed! HTTP/1.1 500 Internal Server Error

